[32minfo[39m, [GET] Récupérer la liste des genres littéraires, 09/10/2024 16:01:40
<<<<<<< Updated upstream
[32minfo[39m, [GET] Récupérer la liste de tous les auteurs, 09/10/2024 16:57:25
[32minfo[39m, [GET] Récupérer la liste de tous les auteurs, 09/10/2024 16:57:25
[32minfo[39m, [GET] Récupérer la liste de tous les auteurs, 09/10/2024 16:57:27
[32minfo[39m, [GET] Récupérer la liste de tous les auteurs, 09/10/2024 16:57:27
[32minfo[39m, [GET] Récupérer la liste de tous les auteurs, 09/10/2024 16:57:30
=======
[32minfo[39m, [GET] Récupérer la liste de tous les auteurs, 10/10/2024 09:58:24
[32minfo[39m, [GET] Récupérer la liste des genres littéraires, 10/10/2024 09:58:28
[32minfo[39m, [GET] Récupérer la liste de tous les auteurs, 10/10/2024 09:58:34
[32minfo[39m, [GET] Récupérer la liste des genres littéraires, 10/10/2024 09:58:38
[32minfo[39m, [GET] Récupérer la liste des genres littéraires, 10/10/2024 12:02:49
[32minfo[39m, [GET] Récupérer la liste de tous les auteurs, 10/10/2024 12:03:01
>>>>>>> Stashed changes
[32minfo[39m, [GET] Récupérer la liste de tous les auteurs, 10/10/2024 15:16:05
[32minfo[39m, [GET] Récupérer la liste de tous les auteurs, 10/10/2024 15:16:05
[32minfo[39m, [GET] Récupérer la liste de tous les auteurs, 10/10/2024 15:16:31
[32minfo[39m, [GET] Récupérer la liste de tous les auteurs, 10/10/2024 15:16:31
[32minfo[39m, [GET] Récupérer la liste des genres littéraires, 10/10/2024 15:16:34
[32minfo[39m, [GET] Récupérer la liste des genres littéraires, 10/10/2024 15:16:34
[32minfo[39m, [GET] Récupérer la liste des genres littéraires, 10/10/2024 15:16:36
[32minfo[39m, [GET] Récupérer la liste des genres littéraires, 10/10/2024 15:16:36
[32minfo[39m, [GET] Récupérer la liste des genres littéraires, 10/10/2024 15:17:09
[32minfo[39m, [GET] Récupérer la liste des genres littéraires, 10/10/2024 15:17:09
[32minfo[39m, [GET] Récupérer la liste de tous les auteurs, 10/10/2024 15:17:11
[32minfo[39m, [GET] Récupérer la liste de tous les auteurs, 10/10/2024 15:17:11
[32minfo[39m, [GET] Récupérer la liste de tous les auteurs, 10/10/2024 15:17:20
[32minfo[39m, [GET] Récupérer la liste de tous les auteurs, 10/10/2024 15:17:20
[32minfo[39m, [GET] Récupérer la liste des genres littéraires, 10/10/2024 15:17:23
[32minfo[39m, [GET] Récupérer la liste des genres littéraires, 10/10/2024 15:17:23
[32minfo[39m, [GET] Récupérer la liste de tous les auteurs, 10/10/2024 15:26:40
[32minfo[39m, [GET] Récupérer la liste de tous les auteurs, 10/10/2024 15:26:40
[32minfo[39m, [GET] Récupérer la liste des genres littéraires, 10/10/2024 15:26:42
[32minfo[39m, [GET] Récupérer la liste des genres littéraires, 10/10/2024 15:26:42
